<?xml version="1.0" encoding="UTF-8"?>
<testng-results skipped="0" failed="1" ignored="0" total="3" passed="2">
  <reporter-output>
  </reporter-output>
  <suite name="Suite" duration-ms="13259" started-at="2021-11-12T06:07:16Z" finished-at="2021-11-12T06:07:29Z">
    <groups>
    </groups>
    <test name="Test" duration-ms="13259" started-at="2021-11-12T06:07:16Z" finished-at="2021-11-12T06:07:29Z">
      <class name="test.LoginTest">
        <test-method status="PASS" signature="ReportSteup()[pri:0, instance:test.LoginTest@12c8a2c0]" name="ReportSteup" is-config="true" duration-ms="514" started-at="2021-11-12T06:07:16Z" finished-at="2021-11-12T06:07:16Z">
          <reporter-output>
          </reporter-output>
        </test-method> <!-- ReportSteup -->
        <test-method status="PASS" signature="setup()[pri:0, instance:test.LoginTest@12c8a2c0]" name="setup" is-config="true" duration-ms="1367" started-at="2021-11-12T06:07:16Z" finished-at="2021-11-12T06:07:18Z">
          <reporter-output>
          </reporter-output>
        </test-method> <!-- setup -->
        <test-method status="PASS" signature="ExcelTest()[pri:0, instance:test.LoginTest@12c8a2c0]" name="ExcelTest" duration-ms="1619" started-at="2021-11-12T06:07:18Z" finished-at="2021-11-12T06:07:19Z">
          <reporter-output>
          </reporter-output>
        </test-method> <!-- ExcelTest -->
        <test-method status="PASS" signature="teardown()[pri:0, instance:test.LoginTest@12c8a2c0]" name="teardown" is-config="true" duration-ms="61" started-at="2021-11-12T06:07:19Z" finished-at="2021-11-12T06:07:20Z">
          <reporter-output>
          </reporter-output>
        </test-method> <!-- teardown -->
        <test-method status="PASS" signature="setup()[pri:0, instance:test.LoginTest@12c8a2c0]" name="setup" is-config="true" duration-ms="1317" started-at="2021-11-12T06:07:20Z" finished-at="2021-11-12T06:07:21Z">
          <reporter-output>
          </reporter-output>
        </test-method> <!-- setup -->
        <test-method status="FAIL" signature="NegativeLogin(java.lang.String, java.lang.String)[pri:0, instance:test.LoginTest@12c8a2c0]" name="NegativeLogin" duration-ms="3152" started-at="2021-11-12T06:07:21Z" finished-at="2021-11-12T06:07:24Z">
          <params>
            <param index="0">
              <value>
                <![CDATA[devesh@gmail.com]]>
              </value>
            </param>
            <param index="1">
              <value>
                <![CDATA[@DEV123gh]]>
              </value>
            </param>
          </params>
          <exception class="java.lang.AssertionError">
            <message>
              <![CDATA[expected [true] but found [false]]]>
            </message>
            <full-stacktrace>
              <![CDATA[java.lang.AssertionError: expected [true] but found [false]
at org.testng.Assert.fail(Assert.java:96)
at org.testng.Assert.failNotEquals(Assert.java:776)
at org.testng.Assert.assertTrue(Assert.java:44)
at org.testng.Assert.assertTrue(Assert.java:54)
at test.LoginTest.NegativeLogin(LoginTest.java:30)
at sun.reflect.NativeMethodAccessorImpl.invoke0(Native Method)
at sun.reflect.NativeMethodAccessorImpl.invoke(NativeMethodAccessorImpl.java:62)
at sun.reflect.DelegatingMethodAccessorImpl.invoke(DelegatingMethodAccessorImpl.java:43)
at java.lang.reflect.Method.invoke(Method.java:498)
at org.testng.internal.MethodInvocationHelper.invokeMethod(MethodInvocationHelper.java:124)
at org.testng.internal.Invoker.invokeMethod(Invoker.java:583)
at org.testng.internal.Invoker.invokeTestMethod(Invoker.java:719)
at org.testng.internal.Invoker.invokeTestMethods(Invoker.java:989)
at org.testng.internal.TestMethodWorker.invokeTestMethods(TestMethodWorker.java:125)
at org.testng.internal.TestMethodWorker.run(TestMethodWorker.java:109)
at org.testng.TestRunner.privateRun(TestRunner.java:648)
at org.testng.TestRunner.run(TestRunner.java:505)
at org.testng.SuiteRunner.runTest(SuiteRunner.java:455)
at org.testng.SuiteRunner.runSequentially(SuiteRunner.java:450)
at org.testng.SuiteRunner.privateRun(SuiteRunner.java:415)
at org.testng.SuiteRunner.run(SuiteRunner.java:364)
at org.testng.SuiteRunnerWorker.runSuite(SuiteRunnerWorker.java:52)
at org.testng.SuiteRunnerWorker.run(SuiteRunnerWorker.java:84)
at org.testng.TestNG.runSuitesSequentially(TestNG.java:1208)
at org.testng.TestNG.runSuitesLocally(TestNG.java:1137)
at org.testng.TestNG.runSuites(TestNG.java:1049)
at org.testng.TestNG.run(TestNG.java:1017)
at org.testng.remote.AbstractRemoteTestNG.run(AbstractRemoteTestNG.java:115)
at org.testng.remote.RemoteTestNG.initAndRun(RemoteTestNG.java:251)
at org.testng.remote.RemoteTestNG.main(RemoteTestNG.java:77)
]]>
            </full-stacktrace>
          </exception> <!-- java.lang.AssertionError -->
          <reporter-output>
          </reporter-output>
        </test-method> <!-- NegativeLogin -->
        <test-method status="PASS" signature="teardown()[pri:0, instance:test.LoginTest@12c8a2c0]" name="teardown" is-config="true" duration-ms="58" started-at="2021-11-12T06:07:24Z" finished-at="2021-11-12T06:07:25Z">
          <reporter-output>
          </reporter-output>
        </test-method> <!-- teardown -->
        <test-method status="PASS" signature="setup()[pri:0, instance:test.LoginTest@12c8a2c0]" name="setup" is-config="true" duration-ms="1292" started-at="2021-11-12T06:07:25Z" finished-at="2021-11-12T06:07:26Z">
          <reporter-output>
          </reporter-output>
        </test-method> <!-- setup -->
        <test-method status="PASS" signature="PositiveLogin(java.lang.String, java.lang.String)[pri:0, instance:test.LoginTest@12c8a2c0]" name="PositiveLogin" duration-ms="3083" started-at="2021-11-12T06:07:26Z" finished-at="2021-11-12T06:07:29Z">
          <params>
            <param index="0">
              <value>
                <![CDATA[devesh@gmail.com]]>
              </value>
            </param>
            <param index="1">
              <value>
                <![CDATA[@DEV123gh]]>
              </value>
            </param>
          </params>
          <reporter-output>
          </reporter-output>
        </test-method> <!-- PositiveLogin -->
        <test-method status="PASS" signature="teardown()[pri:0, instance:test.LoginTest@12c8a2c0]" name="teardown" is-config="true" duration-ms="63" started-at="2021-11-12T06:07:29Z" finished-at="2021-11-12T06:07:29Z">
          <reporter-output>
          </reporter-output>
        </test-method> <!-- teardown -->
        <test-method status="PASS" signature="ReportTearDown()[pri:0, instance:test.LoginTest@12c8a2c0]" name="ReportTearDown" is-config="true" duration-ms="237" started-at="2021-11-12T06:07:29Z" finished-at="2021-11-12T06:07:29Z">
          <reporter-output>
          </reporter-output>
        </test-method> <!-- ReportTearDown -->
      </class> <!-- test.LoginTest -->
    </test> <!-- Test -->
  </suite> <!-- Suite -->
</testng-results>
